[2022-07-06 19:46:10] [INFO] [OdontologoService:34] Se guardó el odontólogo: OdontologoDTO(id=1, nombre=Sujeto, apellido=de Prueba, matricula=123355)
[2022-07-06 19:48:24] [INFO] [OdontologoService:34] Se guardó el odontólogo: OdontologoDTO(id=1, nombre=Sujeto, apellido=de Prueba, matricula=123355)
[2022-07-06 19:48:24] [INFO] [OdontologoService:34] Se guardó el odontólogo: OdontologoDTO(id=2, nombre=Sujeto, apellido=de Prueba, matricula=123355)
[2022-07-06 19:48:24] [INFO] [OdontologoService:34] Se guardó el odontólogo: OdontologoDTO(id=3, nombre=Sujeto, apellido=de Prueba, matricula=123355)
[2022-07-06 19:48:24] [INFO] [OdontologoService:34] Se guardó el odontólogo: OdontologoDTO(id=4, nombre=Sujeto, apellido=de Prueba, matricula=123355)
[2022-07-06 19:48:25] [INFO] [OdontologoService:34] Se guardó el odontólogo: OdontologoDTO(id=5, nombre=Sujeto, apellido=de Prueba, matricula=123355)
[2022-07-06 19:48:25] [INFO] [OdontologoService:34] Se guardó el odontólogo: OdontologoDTO(id=6, nombre=Sujeto, apellido=de Prueba, matricula=123355)
[2022-07-06 19:48:25] [INFO] [OdontologoService:34] Se guardó el odontólogo: OdontologoDTO(id=7, nombre=Sujeto, apellido=de Prueba, matricula=123355)
[2022-07-06 19:48:25] [INFO] [OdontologoService:34] Se guardó el odontólogo: OdontologoDTO(id=8, nombre=Sujeto, apellido=de Prueba, matricula=123355)
[2022-07-06 19:48:25] [INFO] [OdontologoService:34] Se guardó el odontólogo: OdontologoDTO(id=9, nombre=Sujeto, apellido=de Prueba, matricula=123355)
[2022-07-06 19:48:25] [INFO] [OdontologoService:34] Se guardó el odontólogo: OdontologoDTO(id=10, nombre=Sujeto, apellido=de Prueba, matricula=123355)
[2022-07-06 19:48:25] [INFO] [OdontologoService:34] Se guardó el odontólogo: OdontologoDTO(id=11, nombre=Sujeto, apellido=de Prueba, matricula=123355)
[2022-07-06 19:48:25] [INFO] [OdontologoService:34] Se guardó el odontólogo: OdontologoDTO(id=12, nombre=Sujeto, apellido=de Prueba, matricula=123355)
[2022-07-06 19:48:25] [INFO] [OdontologoService:34] Se guardó el odontólogo: OdontologoDTO(id=13, nombre=Sujeto, apellido=de Prueba, matricula=123355)
[2022-07-06 19:53:57] [INFO] [OdontologoService:34] Se guardó el odontólogo: OdontologoDTO(id=1, nombre=Sujeto, apellido=de Prueba, matricula=123355)
[2022-07-06 19:53:58] [INFO] [OdontologoService:34] Se guardó el odontólogo: OdontologoDTO(id=2, nombre=Sujeto, apellido=de Prueba, matricula=123355)
[2022-07-06 19:53:58] [INFO] [OdontologoService:34] Se guardó el odontólogo: OdontologoDTO(id=3, nombre=Sujeto, apellido=de Prueba, matricula=123355)
[2022-07-06 19:53:58] [INFO] [OdontologoService:34] Se guardó el odontólogo: OdontologoDTO(id=4, nombre=Sujeto, apellido=de Prueba, matricula=123355)
[2022-07-06 19:53:58] [INFO] [OdontologoService:34] Se guardó el odontólogo: OdontologoDTO(id=5, nombre=Sujeto, apellido=de Prueba, matricula=123355)
[2022-07-06 19:53:58] [INFO] [OdontologoService:34] Se guardó el odontólogo: OdontologoDTO(id=6, nombre=Sujeto, apellido=de Prueba, matricula=123355)
[2022-07-06 19:53:58] [INFO] [OdontologoService:34] Se guardó el odontólogo: OdontologoDTO(id=7, nombre=Sujeto, apellido=de Prueba, matricula=123355)
[2022-07-06 19:53:58] [INFO] [OdontologoService:34] Se guardó el odontólogo: OdontologoDTO(id=8, nombre=Sujeto, apellido=de Prueba, matricula=123355)
[2022-07-06 19:53:58] [INFO] [OdontologoService:34] Se guardó el odontólogo: OdontologoDTO(id=9, nombre=Sujeto, apellido=de Prueba, matricula=123355)
[2022-07-06 19:53:58] [INFO] [OdontologoService:34] Se guardó el odontólogo: OdontologoDTO(id=10, nombre=Sujeto, apellido=de Prueba, matricula=123355)
[2022-07-06 19:53:58] [INFO] [OdontologoService:34] Se guardó el odontólogo: OdontologoDTO(id=11, nombre=Sujeto, apellido=de Prueba, matricula=123355)
[2022-07-06 19:53:58] [INFO] [OdontologoService:34] Se guardó el odontólogo: OdontologoDTO(id=12, nombre=Sujeto, apellido=de Prueba, matricula=123355)
[2022-07-06 19:53:58] [INFO] [OdontologoService:34] Se guardó el odontólogo: OdontologoDTO(id=13, nombre=Sujeto, apellido=de Prueba, matricula=123355)
[2022-07-06 20:00:42] [INFO] [OdontologoService:34] Se guardó el odontólogo: OdontologoDTO(id=1, nombre=Sujeto, apellido=de Prueba, matricula=123355)
[2022-07-06 20:00:43] [INFO] [OdontologoService:34] Se guardó el odontólogo: OdontologoDTO(id=2, nombre=Sujeto, apellido=de Prueba, matricula=123355)
[2022-07-06 20:00:43] [INFO] [OdontologoService:34] Se guardó el odontólogo: OdontologoDTO(id=3, nombre=Sujeto, apellido=de Prueba, matricula=123355)
[2022-07-06 20:00:43] [INFO] [OdontologoService:34] Se guardó el odontólogo: OdontologoDTO(id=4, nombre=Sujeto, apellido=de Prueba, matricula=123355)
[2022-07-06 20:00:43] [INFO] [OdontologoService:34] Se guardó el odontólogo: OdontologoDTO(id=5, nombre=Sujeto, apellido=de Prueba, matricula=123355)
[2022-07-06 20:00:43] [INFO] [OdontologoService:34] Se guardó el odontólogo: OdontologoDTO(id=6, nombre=Sujeto, apellido=de Prueba, matricula=123355)
[2022-07-06 20:00:43] [INFO] [OdontologoService:34] Se guardó el odontólogo: OdontologoDTO(id=7, nombre=Sujeto, apellido=de Prueba, matricula=123355)
[2022-07-06 20:00:43] [INFO] [OdontologoService:34] Se guardó el odontólogo: OdontologoDTO(id=8, nombre=Sujeto, apellido=de Prueba, matricula=123355)
[2022-07-06 20:00:43] [INFO] [OdontologoService:34] Se guardó el odontólogo: OdontologoDTO(id=9, nombre=Sujeto, apellido=de Prueba, matricula=123355)
[2022-07-06 20:00:43] [INFO] [OdontologoService:34] Se guardó el odontólogo: OdontologoDTO(id=10, nombre=Sujeto, apellido=de Prueba, matricula=123355)
[2022-07-06 20:00:43] [INFO] [OdontologoService:34] Se guardó el odontólogo: OdontologoDTO(id=11, nombre=Sujeto, apellido=de Prueba, matricula=123355)
[2022-07-06 20:00:43] [INFO] [OdontologoService:34] Se guardó el odontólogo: OdontologoDTO(id=12, nombre=Sujeto, apellido=de Prueba, matricula=123355)
[2022-07-06 20:00:43] [INFO] [OdontologoService:34] Se guardó el odontólogo: OdontologoDTO(id=13, nombre=Sujeto, apellido=de Prueba, matricula=123355)
[2022-07-06 20:02:39] [INFO] [OdontologoService:34] Se guardo el odontologo: OdontologoDTO(id=1, nombre=Sujeto, apellido=de Prueba, matricula=123355)
[2022-07-06 20:06:46] [INFO] [OdontologoService:34] Se guardo el odontologo: OdontologoDTO(id=2, nombre=Sujeto, apellido=de Prueba, matricula=123355)
[2022-07-06 20:06:46] [INFO] [OdontologoService:34] Se guardo el odontologo: OdontologoDTO(id=3, nombre=Sujeto, apellido=de Prueba, matricula=123355)
[2022-07-06 20:06:46] [INFO] [OdontologoService:34] Se guardo el odontologo: OdontologoDTO(id=4, nombre=Sujeto, apellido=de Prueba, matricula=123355)
[2022-07-06 20:06:46] [INFO] [OdontologoService:34] Se guardo el odontologo: OdontologoDTO(id=5, nombre=Sujeto, apellido=de Prueba, matricula=123355)
[2022-07-06 20:06:46] [INFO] [OdontologoService:34] Se guardo el odontologo: OdontologoDTO(id=6, nombre=Sujeto, apellido=de Prueba, matricula=123355)
[2022-07-06 20:06:46] [INFO] [OdontologoService:34] Se guardo el odontologo: OdontologoDTO(id=7, nombre=Sujeto, apellido=de Prueba, matricula=123355)
[2022-07-06 20:06:46] [INFO] [OdontologoService:34] Se guardo el odontologo: OdontologoDTO(id=8, nombre=Sujeto, apellido=de Prueba, matricula=123355)
[2022-07-06 20:06:46] [INFO] [OdontologoService:34] Se guardo el odontologo: OdontologoDTO(id=9, nombre=Sujeto, apellido=de Prueba, matricula=123355)
[2022-07-06 20:06:46] [INFO] [OdontologoService:34] Se guardo el odontologo: OdontologoDTO(id=10, nombre=Sujeto, apellido=de Prueba, matricula=123355)
[2022-07-06 20:06:46] [INFO] [OdontologoService:34] Se guardo el odontologo: OdontologoDTO(id=11, nombre=Sujeto, apellido=de Prueba, matricula=123355)
[2022-07-06 20:06:46] [INFO] [OdontologoService:34] Se guardo el odontologo: OdontologoDTO(id=12, nombre=Sujeto, apellido=de Prueba, matricula=123355)
[2022-07-06 20:06:46] [INFO] [OdontologoService:34] Se guardo el odontologo: OdontologoDTO(id=13, nombre=Sujeto, apellido=de Prueba, matricula=123355)
[2022-07-06 20:06:46] [INFO] [OdontologoService:34] Se guardo el odontologo: OdontologoDTO(id=14, nombre=Sujeto, apellido=de Prueba, matricula=123355)
[2022-07-06 20:09:04] [INFO] [OdontologoService:34] Se guardo el odontologo: OdontologoDTO(id=15, nombre=Sujeto, apellido=de Prueba, matricula=123355)
[2022-07-06 20:13:54] [INFO] [OdontologoService:34] Se guardo el odontologo: OdontologoDTO(id=16, nombre=dfgfdg, apellido=dfgdf, matricula=dfgfd)
[2022-07-06 20:50:36] [INFO] [OdontologoService:34] Se guardo el odontologo: OdontologoDTO(id=17, nombre=Sujeto, apellido=de Prueba, matricula=123355)
[2022-07-06 20:50:36] [INFO] [OdontologoService:34] Se guardo el odontologo: OdontologoDTO(id=18, nombre=Sujeto, apellido=de Prueba, matricula=123355)
[2022-07-06 20:50:36] [INFO] [OdontologoService:34] Se guardo el odontologo: OdontologoDTO(id=19, nombre=Sujeto, apellido=de Prueba, matricula=123355)
[2022-07-06 20:50:36] [INFO] [OdontologoService:34] Se guardo el odontologo: OdontologoDTO(id=20, nombre=Sujeto, apellido=de Prueba, matricula=123355)
[2022-07-06 20:50:36] [INFO] [OdontologoService:34] Se guardo el odontologo: OdontologoDTO(id=21, nombre=Sujeto, apellido=de Prueba, matricula=123355)
[2022-07-06 20:50:36] [INFO] [OdontologoService:34] Se guardo el odontologo: OdontologoDTO(id=22, nombre=Sujeto, apellido=de Prueba, matricula=123355)
[2022-07-06 20:50:36] [INFO] [OdontologoService:34] Se guardo el odontologo: OdontologoDTO(id=23, nombre=Sujeto, apellido=de Prueba, matricula=123355)
[2022-07-06 20:50:37] [INFO] [OdontologoService:34] Se guardo el odontologo: OdontologoDTO(id=24, nombre=Sujeto, apellido=de Prueba, matricula=123355)
[2022-07-06 20:50:37] [INFO] [OdontologoService:34] Se guardo el odontologo: OdontologoDTO(id=25, nombre=Sujeto, apellido=de Prueba, matricula=123355)
[2022-07-06 20:50:37] [INFO] [OdontologoService:34] Se guardo el odontologo: OdontologoDTO(id=26, nombre=Sujeto, apellido=de Prueba, matricula=123355)
[2022-07-06 20:50:37] [INFO] [OdontologoService:34] Se guardo el odontologo: OdontologoDTO(id=27, nombre=Sujeto, apellido=de Prueba, matricula=123355)
[2022-07-06 20:50:37] [INFO] [OdontologoService:34] Se guardo el odontologo: OdontologoDTO(id=28, nombre=Sujeto, apellido=de Prueba, matricula=123355)
[2022-07-06 20:50:37] [INFO] [OdontologoService:34] Se guardo el odontologo: OdontologoDTO(id=29, nombre=Sujeto, apellido=de Prueba, matricula=123355)
[2022-07-06 21:47:09] [INFO] [OdontologoService:34] Se guardo el odontologo: OdontologoDTO(id=30, nombre=Damian, apellido=Lucila, matricula=Amor)
[2022-07-07 23:14:43] [INFO] [OdontologoService:34] Se guardo el odontologo: OdontologoDTO(id=31, nombre=cvbc, apellido=cvbc, matricula=xvbcvxb)
[2022-07-08 10:45:19] [INFO] [OdontologoService:34] Se guardo el odontologo: OdontologoDTO(id=32, nombre=Juan, apellido=Carlos, matricula=234324)
[2022-07-08 10:45:21] [INFO] [OdontologoService:34] Se guardo el odontologo: OdontologoDTO(id=33, nombre=Juan, apellido=Carlos, matricula=234324)
[2022-07-08 10:45:24] [INFO] [OdontologoService:34] Se guardo el odontologo: OdontologoDTO(id=34, nombre=Juan, apellido=Carlos, matricula=234324)
[2022-07-08 10:46:25] [INFO] [OdontologoService:34] Se guardo el odontologo: OdontologoDTO(id=1, nombre=Juan, apellido=Carlos, matricula=234324)
[2022-07-08 10:51:44] [INFO] [OdontologoService:34] Se guardo el odontologo: OdontologoDTO(id=1, nombre=Juan, apellido=Carlos, matricula=234324)
[2022-07-08 10:51:46] [ERROR] [GlobalExceptionHandler:23] org.springframework.dao.DataIntegrityViolationException: could not execute statement; SQL [n/a]; constraint [null]; nested exception is org.hibernate.exception.ConstraintViolationException: could not execute statement
[2022-07-08 10:51:55] [ERROR] [GlobalExceptionHandler:23] org.springframework.dao.DataIntegrityViolationException: could not execute statement; SQL [n/a]; constraint [null]; nested exception is org.hibernate.exception.ConstraintViolationException: could not execute statement
[2022-07-08 10:54:56] [INFO] [OdontologoService:34] Se guardo el odontologo: OdontologoDTO(id=1, nombre=Juan, apellido=Carlos, matricula=234324)
[2022-07-08 10:54:57] [ERROR] [GlobalExceptionHandler:23] could not execute statement; SQL [n/a]; constraint [null]; nested exception is org.hibernate.exception.ConstraintViolationException: could not execute statement
[2022-07-08 11:04:06] [INFO] [OdontologoService:34] Se guardo el odontologo: OdontologoDTO(id=1, nombre=Juan, apellido=Carlos, matricula=234324)
[2022-07-08 11:04:08] [ERROR] [GlobalExceptionHandler:24] could not execute statement; SQL [n/a]; constraint [null]; nested exception is org.hibernate.exception.ConstraintViolationException: could not execute statement
[2022-07-08 11:05:49] [INFO] [OdontologoService:34] Se guardo el odontologo: OdontologoDTO(id=1, nombre=Juan, apellido=Carlos, matricula=234324)
[2022-07-08 11:05:50] [ERROR] [GlobalExceptionHandler:24] could not execute statement; SQL [n/a]; constraint [null]; nested exception is org.hibernate.exception.ConstraintViolationException: could not execute statement
[2022-07-08 11:10:46] [INFO] [OdontologoService:34] Se guardo el odontologo: OdontologoDTO(id=1, nombre=Juan, apellido=Carlos, matricula=234324)
[2022-07-08 11:10:48] [ERROR] [GlobalExceptionHandler:25] could not execute statement; SQL [n/a]; constraint [null]; nested exception is org.hibernate.exception.ConstraintViolationException: could not execute statement
[2022-07-08 11:47:08] [INFO] [OdontologoService:34] Se guardo el odontologo: OdontologoDTO(id=1, nombre=Juan, apellido=Carlos, matricula=234324)
[2022-07-08 11:47:10] [ERROR] [GlobalExceptionHandler:25] could not execute statement; SQL [n/a]; constraint [null]; nested exception is org.hibernate.exception.ConstraintViolationException: could not execute statement
[2022-07-08 11:47:28] [ERROR] [GlobalExceptionHandler:17] Odontologo no encontrado
[2022-07-08 11:47:28] [INFO] [GlobalExceptionHandler:18] ServletWebRequest: uri=/odontologos/2;client=0:0:0:0:0:0:0:1
[2022-07-08 11:47:28] [INFO] [GlobalExceptionHandler:19] ar.com.dami.odontologica.controller.NoEncontradoException: Odontologo no encontrado
[2022-07-08 11:49:25] [ERROR] [GlobalExceptionHandler:17] Odontologo no encontrado
[2022-07-08 11:49:25] [INFO] [GlobalExceptionHandler:18] ServletWebRequest: uri=/odontologos/2;client=0:0:0:0:0:0:0:1
[2022-07-08 11:49:25] [INFO] [GlobalExceptionHandler:19] 
[2022-07-08 11:50:40] [INFO] [OdontologoService:34] Se guardo el odontologo: OdontologoDTO(id=1, nombre=Juan, apellido=Carlos, matricula=234324)
[2022-07-08 11:50:44] [ERROR] [GlobalExceptionHandler:23] could not execute statement; SQL [n/a]; constraint [null]; nested exception is org.hibernate.exception.ConstraintViolationException: could not execute statement
[2022-07-08 11:51:08] [ERROR] [GlobalExceptionHandler:23] Request method 'POST' not supported
[2022-07-08 11:51:27] [ERROR] [GlobalExceptionHandler:17] Odontologo no encontrado
[2022-07-08 12:13:22] [ERROR] [GlobalExceptionHandler:24] Request method 'POST' not supported
[2022-07-08 12:13:29] [ERROR] [GlobalExceptionHandler:24] Request method 'POST' not supported
[2022-07-08 12:13:41] [ERROR] [GlobalExceptionHandler:24] Request method 'POST' not supported
[2022-07-08 12:14:52] [INFO] [OdontologoService:35] Se guardo el odontologo: OdontologoDTO(id=1, nombre=Juan, apellido=Carlos, matricula=234324)
[2022-07-08 12:14:54] [ERROR] [GlobalExceptionHandler:24] could not execute statement; SQL [n/a]; constraint [null]; nested exception is org.hibernate.exception.ConstraintViolationException: could not execute statement
[2022-07-08 12:15:06] [ERROR] [GlobalExceptionHandler:17] Odontologo no encontrado
[2022-07-08 12:17:29] [INFO] [OdontologoService:35] Se guardo el odontologo: OdontologoDTO(id=1, nombre=Juan, apellido=Carlos, matricula=234324)
[2022-07-08 12:17:30] [ERROR] [GlobalExceptionHandler:24] could not execute statement; SQL [n/a]; constraint [null]; nested exception is org.hibernate.exception.ConstraintViolationException: could not execute statement
[2022-07-08 12:17:46] [ERROR] [GlobalExceptionHandler:17] Odontólogo no encontrado
[2022-07-08 12:20:30] [INFO] [OdontologoService:34] Se guardo el odontologo: OdontologoDTO(id=1, nombre=Juan, apellido=Carlos, matricula=234324)
[2022-07-08 12:20:32] [ERROR] [GlobalExceptionHandler:25] could not execute statement; SQL [n/a]; constraint [null]; nested exception is org.hibernate.exception.ConstraintViolationException: could not execute statement
[2022-07-08 12:21:03] [ERROR] [GlobalExceptionHandler:18] Error: Odontólogo con Id: 2 no encontrado.
[2022-07-08 12:46:51] [ERROR] [GlobalExceptionHandler:21] Error: Odontólogo con Id 2 no encontrado.
[2022-07-08 12:54:28] [ERROR] [GlobalExceptionHandler:22] Error: Odontólogo con Id 2 no encontrado.
[2022-07-08 12:54:35] [ERROR] [GlobalExceptionHandler:29] Failed to convert value of type 'java.lang.String' to required type 'java.lang.Long'; nested exception is java.lang.NumberFormatException: For input string: "p"
[2022-07-08 13:15:44] [INFO] [OdontologoService:41] Se guardo el odontologo: OdontologoDTO(id=1, nombre=Juan, apellido=Carlos, matricula=234324)
[2022-07-08 13:15:46] [ERROR] [GlobalExceptionHandler:33] Ya existe un odontólogo con matricula 234324
[2022-07-08 13:33:26] [INFO] [OdontologoService:41] Se guardo el odontologo: OdontologoDTO(id=1, nombre=Juan, apellido=Carlos, matricula=234324)
[2022-07-08 13:33:28] [ERROR] [GlobalExceptionHandler:33] Ya existe un odontólogo con matricula 234324
[2022-07-08 13:33:35] [INFO] [OdontologoService:43] Se guardó el paciente: ar.com.dami.odontologica.dto.PacienteDTO@1d3c5e96
[2022-07-08 13:33:37] [ERROR] [GlobalExceptionHandler:33] Ya existe un paciente con el DNI 2423432
[2022-07-08 13:33:50] [ERROR] [GlobalExceptionHandler:23] Error: Paciente con Id 19 no encontrado.
[2022-07-08 14:06:06] [ERROR] [GlobalExceptionHandler:23] Odontólogo con Id 3 no encontrado.
[2022-07-08 14:06:13] [INFO] [OdontologoService:41] Se guardó el odontólogo: OdontologoDTO(id=1, nombre=Juan, apellido=Carlos, matricula=234324)
[2022-07-08 14:06:15] [ERROR] [GlobalExceptionHandler:33] Ya existe un odontólogo con matrícula 234324.
[2022-07-08 14:06:18] [INFO] [OdontologoService:41] Se guardó el odontólogo: OdontologoDTO(id=2, nombre=Juan, apellido=Carlos, matricula=2334324)
[2022-07-08 14:06:36] [ERROR] [GlobalExceptionHandler:23] No se puede actualizar por que no existe un odontólogo con Id: 3.
[2022-07-08 14:09:27] [INFO] [OdontologoService:41] Se guardó el odontólogo: OdontologoDTO(id=1, nombre=Juan, apellido=Carlos, matricula=2334324)
[2022-07-08 14:09:28] [ERROR] [GlobalExceptionHandler:33] Ya existe un odontólogo con matrícula 2334324.
